07-May-23 11:50:29 - Large Scale - Partyzanu
07-May-23 11:50:29 - n = 3.904454717506523
07-May-23 11:50:29 - sigma = 5.566390156351717 dB
07-May-23 11:50:29 - L1 = 2.4982829948875747 dB
07-May-23 11:50:35 - Large Scale - Terronska
07-May-23 11:50:35 - n = 3.528486695732635
07-May-23 11:50:35 - sigma = 5.2173663222802515 dB
07-May-23 11:50:35 - L1 = 1.7228225493710028 dB
07-May-23 11:50:41 - Static
07-May-23 11:50:41 - Max: -57.9 dB
07-May-23 11:50:41 - Min: -78.1 dB
07-May-23 11:50:41 - Median: -65.6 dB
07-May-23 11:50:43 - Percentile:
07-May-23 11:50:43 - 1 %: -10.400000000000006
07-May-23 11:50:43 - 10 %: -6.200000000000003
07-May-23 11:50:43 - 50 %: 0.0
07-May-23 11:50:43 - 90 %: 3.6999999999999957
07-May-23 11:50:44 - Crowd
07-May-23 11:50:45 - Max: -61.0 dB
07-May-23 11:50:45 - Min: -95.1 dB
07-May-23 11:50:45 - Median: -72.5 dB
07-May-23 11:50:47 - Percentile:
07-May-23 11:50:47 - 1 %: -16.599999999999994 dB
07-May-23 11:50:47 - 10 %: -9.0 dB
07-May-23 11:50:47 - 50 %: 0.0 dB
07-May-23 11:50:47 - 90 %: 6.200000000000003 dB
07-May-23 11:50:48 - Dense
07-May-23 11:50:49 - Max: -69.9 dB
07-May-23 11:50:49 - Min: -92.6 dB
07-May-23 11:50:49 - Median: -80.8 dB
07-May-23 11:50:51 - Percentile:
07-May-23 11:50:51 - 1 %: -10.900000000000006 dB
07-May-23 11:50:51 - 10 %: -6.400000000000006 dB
07-May-23 11:50:51 - 50 %: 0.0 dB
07-May-23 11:50:51 - 90 %: 7.799999999999997 dB
